"../../../Engine/Content/Functions/Engine_MaterialFunctions01/Opacity/CameraDepthFade.uasset" 0
"../../../Engine/Content/EngineMaterials/T_Default_Material_Grid_M.uasset" 1
"../../../Engine/Content/EngineMaterials/T_Default_Material_Grid_N.uasset" 2
"../../../Engine/Content/EngineMaterials/DefaultMaterial.uasset" 3
"../../../Engine/Content/BasicShapes/Cone.uasset" 4
"../../../Engine/Content/EditorLandscapeResources/DataLayer.uasset" 5
"../../../Engine/Content/EditorMaterials/GizmoMaterial.uasset" 6
"../../../Engine/Content/EditorMaterials/MAT_Groups_Toggle.uasset" 7
"../../../Engine/Content/EditorMaterials/MAT_Groups_Visibility.uasset" 8
"../../../Engine/Content/EditorMaterials/PreviewShadowIndicator.uasset" 9
"../../../Engine/Content/EditorMaterials/PreviewShadowIndicatorMaterial.uasset" 10
"../../../Engine/Content/EditorMaterials/AssetViewer/EpicQuadPanorama_CC+EV1.uasset" 11
"../../../Engine/Content/EditorMaterials/MatineeGroups/MAT_ColorTrack.uasset" 12
"../../../Engine/Content/EditorMaterials/MatineeGroups/MAT_Groups_Anim.uasset" 13
"../../../Engine/Content/EditorMaterials/MatineeGroups/MAT_Groups_AudioMaster.uasset" 14
"../../../Engine/Content/EditorMaterials/MatineeGroups/MAT_Groups_Director.uasset" 15
"../../../Engine/Content/EditorMaterials/MatineeGroups/MAT_Groups_Event.uasset" 16
"../../../Engine/Content/EditorMaterials/MatineeGroups/MAT_Groups_Fade.uasset" 17
"../../../Engine/Content/EditorMaterials/MatineeGroups/MAT_Groups_Float.uasset" 18
"../../../Engine/Content/EditorMaterials/MatineeGroups/MAT_Groups_Move.uasset" 19
"../../../Engine/Content/EditorMaterials/MatineeGroups/MAT_Groups_Slomo.uasset" 20
"../../../Engine/Content/EditorMaterials/MatineeGroups/MAT_Groups_Sound.uasset" 21
"../../../Engine/Content/EditorMaterials/MatineeGroups/MAT_Groups_Vector.uasset" 22
"../../../Engine/Content/EditorMaterials/ParticleSystems/PSysThumbnail_NoImage.uasset" 23
"../../../Engine/Content/EditorMaterials/ParticleSystems/PSysThumbnail_OOD.uasset" 24
"../../../Engine/Content/EditorMaterials/Camera/CineMat.uasset" 25
"../../../Engine/Content/EditorMaterials/Camera/MI_CineMat_Rig.uasset" 26
"../../../Engine/Content/EditorMeshes/Camera/SM_CraneRig_Arm.uasset" 27
"../../../Engine/Content/EditorMeshes/Camera/SM_CraneRig_Base.uasset" 28
"../../../Engine/Content/EditorMeshes/Camera/SM_CraneRig_Body.uasset" 29
"../../../Engine/Content/EditorMeshes/Camera/SM_CraneRig_Mount.uasset" 30
"../../../Engine/Content/EditorMeshes/Camera/SM_RailRig_Mount.uasset" 31
"../../../Engine/Content/EditorMeshes/Camera/SM_RailRig_Track.uasset" 32
"../../../Engine/Content/EditorResources/BSPVertex.uasset" 33
"../../../Engine/Content/EditorResources/EmptyActor.uasset" 34
"../../../Engine/Content/EditorResources/RGBTable16x1_AssetViewer.uasset" 35
"../../../Engine/Content/EditorResources/S_Actor.uasset" 36
"../../../Engine/Content/EditorResources/S_Trigger.uasset" 37
"../../../Engine/Content/EditorResources/AudioIcons/S_AudioComponent.uasset" 38
"../../../Engine/Content/EditorResources/AudioIcons/S_AudioComponent_AutoActivate.uasset" 39
"../../../Engine/Content/EditorResources/LightIcons/S_LightError.uasset" 40
"../../../Engine/Content/EditorResources/SequenceRecorder/Countdown.uasset" 41
"../../../Engine/Content/EditorResources/SequenceRecorder/RecordingIndicator.uasset" 42
"../../../Engine/Content/EditorSounds/Notifications/CompileFailed.uasset" 43
"../../../Engine/Content/EditorSounds/Notifications/CompileFailed_Cue.uasset" 44
"../../../Engine/Content/EditorSounds/Notifications/CompileSuccess.uasset" 45
"../../../Engine/Content/EditorSounds/Notifications/CompileStart_Cue.uasset" 46
"../../../Engine/Content/EditorSounds/Notifications/CompileSuccess_Cue.uasset" 47
"../../../Engine/Content/EngineDamageTypes/DmgTypeBP_Environmental.uasset" 48
"../../../Engine/Content/EngineDebugMaterials/HeatmapGradient.uasset" 49
"../../../Engine/Content/EngineDebugMaterials/BoneWeightMaterial.uasset" 50
"../../../Engine/Content/EngineDebugMaterials/DebugMeshMaterial.uasset" 51
"../../../Engine/Content/EngineDebugMaterials/GeomMaterial.uasset" 52
"../../../Engine/Content/EngineFonts/Roboto.uasset" 53
"../../../Engine/Content/EngineFonts/RobotoTiny.uasset" 54
"../../../Engine/Content/EngineMaterials/DefaultBokeh.uasset" 55
"../../../Engine/Content/EngineMaterials/DefaultDiffuse.uasset" 56
"../../../Engine/Content/EngineMaterials/DefaultDeferredDecalMaterial.uasset" 57
"../../../Engine/Content/EngineMaterials/DefaultLightFunctionMaterial.uasset" 58
"../../../Engine/Content/EngineMaterials/DefaultPhysicalMaterial.uasset" 59
"../../../Engine/Content/Functions/Engine_MaterialFunctions02/Utility/BreakOutFloat2Components.uasset" 60
"../../../Engine/Content/EngineMaterials/DefaultPostProcessMaterial.uasset" 61
"../../../Engine/Content/EngineFonts/RobotoDistanceField.uasset" 62
"../../../Engine/Content/EngineMaterials/DefaultTextMaterialOpaque.uasset" 63
"../../../Engine/Content/EngineMaterials/DefaultWhiteGrid.uasset" 64
"../../../Engine/Content/EngineMaterials/EditorBrushMaterial.uasset" 65
"../../../Engine/Content/EngineMaterials/MiniFont.uasset" 66
"../../../Engine/Content/EngineMaterials/InvalidLightmapSettings.uasset" 67
"../../../Engine/Content/EngineMaterials/M_InvalidLightmapSettings.uasset" 68
"../../../Engine/Content/EngineMaterials/PhAT_JointLimitMaterial.uasset" 69
"../../../Engine/Content/EngineMaterials/PreintegratedSkinBRDF.uasset" 70
"../../../Engine/Content/EngineMaterials/RemoveSurfaceMaterial.uasset" 71
"../../../Engine/Content/EngineMaterials/WeightMapPlaceholderTexture.uasset" 72
"../../../Engine/Content/EngineResources/WhiteSquareTexture.uasset" 73
"../../../Engine/Content/EngineMaterials/Widget3DPassThrough.uasset" 74
"../../../Engine/Content/EngineMaterials/Widget3DPassThrough_Masked.uasset" 75
"../../../Engine/Content/EngineMaterials/Widget3DPassThrough_Opaque.uasset" 76
"../../../Engine/Content/EngineMaterials/Widget3DPassThrough_Masked_OneSided.uasset" 77
"../../../Engine/Content/EngineMaterials/Widget3DPassThrough_Opaque_OneSided.uasset" 78
"../../../Engine/Content/EngineMaterials/Widget3DPassThrough_Translucent.uasset" 79
"../../../Engine/Content/EngineMaterials/Widget3DPassThrough_Translucent_OneSided.uasset" 80
"../../../Engine/Content/EngineMeshes/Cube.uasset" 81
"../../../Engine/Content/EngineMeshes/Cylinder.uasset" 82
"../../../Engine/Content/EngineMeshes/Sphere.uasset" 83
"../../../Engine/Content/EngineResources/AICON-Green.uasset" 84
"../../../Engine/Content/EngineResources/AICON-Red.uasset" 85
"../../../Engine/Content/EngineResources/Black.uasset" 86
"../../../Engine/Content/EngineResources/DefaultTexture.uasset" 87
"../../../Engine/Content/EngineResources/DefaultTextureCube.uasset" 88
"../../../Engine/Content/EngineResources/GradientTexture0.uasset" 89
"../../../Engine/Content/EngineSounds/Master.uasset" 90
"../../../Engine/Content/EngineSounds/MasterSubmix.uasset" 91
"../../../Engine/Content/EngineTireTypes/DefaultTireType.uasset" 92
"../../../Engine/Content/Functions/Engine_MaterialFunctions01/Shading/ConvertFromDiffSpec.uasset" 93
"../../../Engine/Content/Functions/Engine_MaterialFunctions01/Shading/PowerToRoughness.uasset" 94
"../../../Engine/Content/Maps/Templates/Thumbnails/Default.uasset" 95
"../../../Engine/Content/Maps/Templates/Thumbnails/VR-Basic.uasset" 96
"../../../Engine/Content/MobileResources/T_MobileControls_texture.uasset" 97
"../../../Engine/Content/MobileResources/T_MobileMenu2.uasset" 98
"../../../Engine/Content/MobileResources/HUD/AnalogHat.uasset" 99
"../../../Engine/Content/MobileResources/HUD/VirtualJoystick_Background.uasset" 100
"../../../Engine/Content/MobileResources/HUD/VirtualJoystick_Thumb.uasset" 101
"../../../Engine/Content/MobileResources/HUD/DefaultVirtualJoysticks.uasset" 102
"../../../Engine/Content/MobileResources/HUD/LeftVirtualJoystickOnly.uasset" 103
"../../../Engine/Content/MobileResources/HUD/MobileHUDButton1_off.uasset" 104
"../../../Engine/Content/MobileResources/HUD/MobileHUDButton1_on.uasset" 105
"../../../Engine/Content/MobileResources/HUD/MobileHUDButton2_off.uasset" 106
"../../../Engine/Content/MobileResources/HUD/MobileHUDButton2_on.uasset" 107
"../../../Engine/Content/MobileResources/HUD/MobileHUDButton3.uasset" 108
"../../../Engine/Content/MobileResources/HUD/MobileHUDButtonFire.uasset" 109
"../../../Engine/Content/MobileResources/HUD/MobileHUDDirectionPad.uasset" 110
"../../../Engine/Content/MobileResources/HUD/MobileHUDDirectionPad2.uasset" 111
"../../../Engine/Content/MobileResources/HUD/MobileHUDDirectionPad3.uasset" 112
"../../../Engine/Content/MobileResources/HUD/MobileHUDDirectionStick.uasset" 113
"../../../Engine/Content/MobileResources/HUD/T_Castle_ThumbstickInner.uasset" 114
"../../../Engine/Content/MobileResources/HUD/T_Castle_ThumbstickOutter.uasset" 115
"../../../Engine/Content/Tutorial/ContentIntroCurve.uasset" 116
"../../../Engine/Content/Tutorial/Basics/TutorialAssets/icon_tab_Levels_40x.uasset" 117
"../../../Engine/Content/Tutorial/BlueprintTutorials/TutorialAssets/BlueprintInterface_64x.uasset" 118
"../../../Engine/Content/Tutorial/BlueprintTutorials/TutorialAssets/BlueprintMacroLibrary_64x.uasset" 119
"../../../Engine/Content/Tutorial/BlueprintTutorials/TutorialAssets/Blueprint_64x.uasset" 120
"../../../Engine/Content/Tutorial/BlueprintTutorials/TutorialAssets/Tutorial_BP_Interface.uasset" 121
"../../../Engine/Content/Tutorial/Foliage/TutorialAssets/Foliage.uasset" 122
"../../../Engine/Content/Tutorial/Landscape/TutorialAssets/Landscape.uasset" 123
"../../../Engine/Content/Tutorial/Paper2D/TutorialAssets/Paper2DFlipbook_TutorialIcon.uasset" 124
"../../../Engine/Content/Tutorial/Paper2D/TutorialAssets/Paper2DSprite_TutorialIcon.uasset" 125
"../../../Engine/Content/Tutorial/SubEditors/TutorialAssets/icon_Editor_Preferences_General_40x.uasset" 126
"../../../Engine/Content/Tutorial/SubEditors/TutorialAssets/icon_ShowSkeletalMeshes_40x.uasset" 127
"../../../Engine/Content/Tutorial/SubEditors/TutorialAssets/TutorialMaterial.uasset" 128
"../../../Engine/Content/Tutorial/SubEditors/TutorialAssets/T_SmokeSubUV_8X8.uasset" 129
"../../../Engine/Content/Tutorial/SubEditors/TutorialAssets/T_soft_smoke.uasset" 130
"../../../Engine/Content/Tutorial/SubEditors/TutorialAssets/M_smoke_subUV_blackbody.uasset" 131
"../../../Engine/Content/Tutorial/SubEditors/TutorialAssets/TutorialParticleSystem.uasset" 132
"../../../Engine/Content/EngineMaterials/WorldGridMaterial.uasset" 133
"../../../Engine/Content/EditorMeshes/EditorCube.uasset" 134
"../../../Engine/Content/Tutorial/SubEditors/TutorialAssets/Tutorial_DM.uasset" 135
"../../../Engine/Content/VREditor/Devices/Generic/GenericHMDMaterial.uasset" 136
"../../../Engine/Content/VREditor/Devices/Generic/GenericHMD.uasset" 137
"../../../Engine/Content/VREditor/FloatingText/LineMaterial.uasset" 138
"../../../Engine/Content/VREditor/FloatingText/JointSphere.uasset" 139
"../../../Engine/Content/VREditor/FloatingText/LineSegmentCylinder.uasset" 140
"../../../Engine/Content/VREditor/Fonts/VRText_RobotoLarge.uasset" 141
"../../../Engine/Content/VREditor/Fonts/VRTextMaterial.uasset" 142
"../../../Engine/Content/VREditor/Fonts/TranslucentVRTextMaterial.uasset" 143
"../../../Engine/Content/VREditor/LaserPointer/VR_LaserPower_01.uasset" 144
"../../../Engine/Content/VREditor/LaserPointer/LaserPointerMaterial.uasset" 145
"../../../Engine/Content/VREditor/LaserPointer/LaserPointerMaterialInst.uasset" 146
"../../../Engine/Content/VREditor/LaserPointer/TranslucentLaserPointerMaterialInst.uasset" 147
"../../../Engine/Content/VREditor/LaserPointer/LaserPointerMesh.uasset" 148
"../../../Engine/Content/VREditor/Sounds/VR_grab_Cue.uasset" 149
"../../../Engine/Content/VREditor/Sounds/VR_teleport_Cue.uasset" 150
"../../../Engine/Content/VREditor/TransformGizmo/TransformGizmoMaterial.uasset" 151
"../../../Engine/Content/VREditor/TransformGizmo/TranslucentTransformGizmoMaterial.uasset" 152
"../../../Engine/Content/VREditor/TransformGizmo/BoundingBoxCorner.uasset" 153
"../../../Engine/Content/VREditor/TransformGizmo/BoundingBoxEdge.uasset" 154
"../../../Engine/Content/VREditor/TransformGizmo/PlaneTranslationHandle.uasset" 155
"../../../Engine/Content/VREditor/TransformGizmo/RotationHandle.uasset" 156
"../../../Engine/Content/VREditor/TransformGizmo/RotationHandleFull.uasset" 157
"../../../Engine/Content/VREditor/TransformGizmo/StretchingHandle.uasset" 158
"../../../Engine/Content/VREditor/TransformGizmo/TranslateHandleLong.uasset" 159
"../../../Engine/Content/VREditor/TransformGizmo/TranslationHandle.uasset" 160
"../../../Engine/Content/VREditor/TransformGizmo/UniformScaleHandle.uasset" 161
"../../../Engine/Content/VREditor/UI/CloseButtonMesh.uasset" 162
"../../../Engine/Content/VREditor/UI/SelectionBarMesh.uasset" 163
"../../../Engine/Content/Functions/Engine_MaterialFunctions01/Gradient/RadialGradient.uasset" 164
"../../../Engine/Content/VREditor/WorldMovementGrid/SimpleGrid.uasset" 165
"../../../Engine/Content/VREditor/WorldMovementGrid/GridMaterial.uasset" 166
"../../../Engine/Content/Functions/Engine_MaterialFunctions01/Density/ExponentialDensity.uasset" 167
"../../../Engine/Content/VREditor/WorldMovementGrid/GridPostProcess.uasset" 168
"../../../Engine/Content/EditorLandscapeResources/FlattenHeightMat.uasset" 169
"../../../Engine/Content/VREditor/WorldMovementGrid/PlaneMesh.uasset" 170
"../../../GunballPC/Content/redColor.uasset" 171
"../../../GunballPC/Content/Environment/Textures/T_FFA_ConcreteGroundPlane_01_N.uasset" 172
"../../../GunballPC/Content/Environment/Textures/T_Fps_Vista_Wall_D.uasset" 173
"../../../GunballPC/Content/Environment/Materials/Metal_tiled.uasset" 174
"../../../GunballPC/Content/Environment/Materials/Metal_tiled_little_dark.uasset" 175
"../../../GunballPC/Content/FirstPerson/Character/Textures/UE4_LOGO_CARD.uasset" 176
"../../../GunballPC/Content/FirstPerson/FPWeapon/Materials/MaterialLayers/ML_Plastic_Shiny_Beige_LOGO.uasset" 177
"../../../GunballPC/Content/FirstPerson/FPWeapon/Materials/MaterialLayers/T_ML_FineRubber.uasset" 178
"../../../GunballPC/Content/FirstPerson/FPWeapon/Mesh/SK_FPGun_PhysicsAsset.uasset" 179
"../../../GunballPC/Content/FirstPerson/Character/Mesh/SK_Mannequin_Arms_Skeleton.uasset" 180
"../../../GunballPC/Content/FirstPerson/Animations/FirstPerson_Idle.uasset" 181
"../../../GunballPC/Content/FirstPerson/Animations/FirstPerson_JumpEnd.uasset" 182
"../../../GunballPC/Content/FirstPerson/Animations/FirstPerson_JumpLoop.uasset" 183
"../../../GunballPC/Content/FirstPerson/Animations/FirstPerson_JumpStart.uasset" 184
"../../../GunballPC/Content/FirstPerson/Animations/FirstPerson_Run.uasset" 185
"../../../Engine/Content/EditorBlueprintResources/StandardMacros.uasset" 186
"../../../GunballPC/Content/FirstPerson/Animations/FirstPerson_AnimBP.uasset" 187
"../../../GunballPC/Content/FirstPerson/Animations/FirstPerson_Fire.uasset" 188
"../../../GunballPC/Content/FirstPerson/Animations/FirstPersonFire_Montage.uasset" 189
"../../../Engine/Content/EditorBlueprintResources/ActorMacros.uasset" 190
"../../../GunballPC/Content/StarterContent/Textures/T_Statue_M.uasset" 191
"../../../GunballPC/Content/StarterContent/Textures/T_Statue_N.uasset" 192
"../../../GunballPC/Content/StarterContent/Props/Materials/M_StatueGlass.uasset" 193
"../../../GunballPC/Content/StarterContent/Materials/M_Basic_Wall.uasset" 194
"../../../GunballPC/Content/StarterContent/Shapes/Shape_Torus.uasset" 195
"../../../GunballPC/Content/BlockingShield.uasset" 196
"../../../GunballPC/Content/FirstPerson/Meshes/BaseMaterial.uasset" 197
"../../../GunballPC/Content/FirstPerson/Meshes/FirstPersonProjectileMaterial.uasset" 198
"../../../GunballPC/Content/FirstPerson/Meshes/FirstPersonProjectileMesh.uasset" 199
"../../../GunballPC/Content/FirstPersonBP/Blueprints/FirstPersonProjectile.uasset" 200
"../../../GunballPC/Content/ScoreboardGreenSphereMaterial.uasset" 201
"../../../GunballPC/Content/FirstPersonBP/Blueprints/blueTeamProjectile.uasset" 202
"../../../GunballPC/Content/StarterContent/Shapes/Shape_Pipe.uasset" 203
"../../../GunballPC/Content/FirstPersonBP/Blueprints/LineTraceProjectile.uasset" 204
"../../../GunballPC/Content/FirstPersonBP/Blueprints/redTeamProjectile.uasset" 205
"../../../GunballPC/Content/GunballMapBP/Blueprints/LineTraceableObject.uasset" 206
"../../../GunballPC/Content/StarterContent/Textures/T_Perlin_Noise_M.uasset" 207
"../../../GunballPC/Content/StarterContent/Textures/T_Water_N.uasset" 208
"../../../GunballPC/Content/StarterContent/Materials/M_Water_Lake.uasset" 209
"../../../Engine/Content/BasicShapes/Cube.uasset" 210
"../../../GunballPC/Content/Goal.uasset" 211
"../../../GunballPC/Content/GunballMapBP/Blueprints/PickupActorInterface.uasset" 212
"../../../GunballPC/Content/Multiplayer/Blueprints/PS_MP.uasset" 213
"../../../GunballPC/Content/StarterContent/Textures/T_CobbleStone_Smooth_D.uasset" 214
"../../../GunballPC/Content/StarterContent/Textures/T_CobbleStone_Smooth_M.uasset" 215
"../../../GunballPC/Content/StarterContent/Textures/T_CobbleStone_Smooth_N.uasset" 216
"../../../GunballPC/Content/StarterContent/Textures/T_Gradinet_01.uasset" 217
"../../../GunballPC/Content/StarterContent/Textures/T_MacroVariation.uasset" 218
"../../../GunballPC/Content/StarterContent/Textures/T_Rock_Smooth_Granite_D.uasset" 219
"../../../GunballPC/Content/StarterContent/Materials/M_CobbleStone_Smooth.uasset" 220
"../../../GunballPC/Content/StarterContent/Props/MaterialSphere.uasset" 221
"../../../GunballPC/Content/GunballMapBP/Blueprints/BP_Pickup_Sphere.uasset" 222
"../../../GunballPC/Content/StarterContent/Textures/T_Metal_Aluminum_D.uasset" 223
"../../../GunballPC/Content/StarterContent/Textures/T_Metal_Gold_N.uasset" 224
"../../../GunballPC/Content/StarterContent/Materials/M_Metal_Burnished_Steel.uasset" 225
"../../../GunballPC/Content/GunballMapBP/Blueprints/BP_HeavyPointsPickupSphere.uasset" 226
"../../../GunballPC/Content/StarterContent/Textures/T_Rock_Slate_D.uasset" 227
"../../../GunballPC/Content/StarterContent/Textures/T_Rock_Slate_N.uasset" 228
"../../../GunballPC/Content/StarterContent/Materials/M_Rock_Slate.uasset" 229
"../../../GunballPC/Content/GunballMapBP/Blueprints/MediumPickupSphere.uasset" 230
"../../../GunballPC/Content/BallSpawner.uasset" 231
"../../../GunballPC/Content/blueGoalMaterial.uasset" 232
"../../../GunballPC/Content/FirstPersonBP/Blueprints/BlueTeamCharacter.uasset" 233
"../../../GunballPC/Content/FirstPerson/Textures/FirstPersonCrosshair.uasset" 234
"../../../GunballPC/Content/FirstPersonBP/Blueprints/FirstPersonHUD.uasset" 235
"../../../GunballPC/Content/Multiplayer/Widget/W_playerListRow.uasset" 236
"../../../GunballPC/Content/Multiplayer/Widget/W_MP_HUD.uasset" 237
"../../../GunballPC/Content/Multiplayer/Widget/W_EndOfMatchScreen.uasset" 238
"../../../GunballPC/Content/Multiplayer/Blueprints/PC_MP.uasset" 239
"../../../GunballPC/Content/GunballMapBP/MyGunballGameMode.uasset" 240
"../../../GunballPC/Content/Multiplayer/Blueprints/E_GameState.uasset" 241
"../../../GunballPC/Content/Multiplayer/Maps/W_LoadingScreen.uasset" 242
"../../../GunballPC/Content/Multiplayer/Maps/W_Main_Menu.uasset" 243
"../../../GunballPC/Content/Multiplayer/Maps/W_serverRow.uasset" 244
"../../../GunballPC/Content/Multiplayer/Maps/W_ServerList.uasset" 245
"../../../GunballPC/Content/Multiplayer/Widget/W_errorDialogue.uasset" 246
"../../../GunballPC/Content/Multiplayer/Blueprints/GI_MP_STEAM.uasset" 247
"../../../Engine/Content/BasicShapes/BasicShapeMaterial.uasset" 248
"../../../GunballPC/Content/ScoreboardRedSphereMaterial.uasset" 249
"../../../Engine/Content/BasicShapes/Sphere.uasset" 250
"../../../GunballPC/Content/Scoreboard.uasset" 251
"../../../GunballPC/Content/Multiplayer/Blueprints/GS_MP.uasset" 252
"../../../GunballPC/Content/RedEnemyMaterial.uasset" 253
"../../../GunballPC/Content/FirstPerson/Audio/FirstPersonTemplateWeaponFire02.uasset" 254
"../../../Engine/Content/Functions/Engine_MaterialFunctions02/Utility/BlendAngleCorrectedNormals.uasset" 255
"../../../Engine/Content/Functions/MaterialLayerFunctions/MatLayerBlend_NormalBlend.uasset" 256
"../../../Engine/Content/Functions/MaterialLayerFunctions/MatLayerBlend_Simple.uasset" 257
"../../../GunballPC/Content/FirstPerson/Character/Materials/MaterialLayers/T_ML_Rubber_Blue_01_D.uasset" 258
"../../../GunballPC/Content/FirstPerson/Character/Materials/MaterialLayers/T_ML_Rubber_Blue_01_N.uasset" 259
"../../../GunballPC/Content/FirstPerson/Character/Materials/MaterialLayers/ML_GlossyBlack_Latex_UE4.uasset" 260
"../../../GunballPC/Content/FirstPerson/Character/Materials/MaterialLayers/ML_Plastic_Shiny_Beige.uasset" 261
"../../../GunballPC/Content/FirstPerson/Character/Materials/MaterialLayers/ML_Plastic_Shiny_Beige_LOGO.uasset" 262
"../../../GunballPC/Content/FirstPerson/Character/Materials/MaterialLayers/T_ML_Aluminum01.uasset" 263
"../../../GunballPC/Content/FirstPerson/Character/Materials/MaterialLayers/T_ML_Aluminum01_N.uasset" 264
"../../../GunballPC/Content/FirstPerson/Character/Materials/MaterialLayers/ML_SoftMetal_UE4.uasset" 265
"../../../GunballPC/Content/FirstPerson/Character/Textures/UE4_Mannequin__normals.uasset" 266
"../../../GunballPC/Content/FirstPerson/Character/Textures/UE4_Mannequin_MAT_MASKA.uasset" 267
"../../../GunballPC/Content/FirstPerson/Character/Materials/M_UE4Man_Body.uasset" 268
"../../../GunballPC/Content/FirstPerson/Character/Mesh/SK_Mannequin_Arms_PhysicsAsset.uasset" 269
"../../../GunballPC/Content/FirstPerson/Character/Mesh/SK_Mannequin_Arms.uasset" 270
"../../../GunballPC/Content/FirstPerson/FPWeapon/Materials/MaterialLayers/T_ML_Rubber_Blue_01_D.uasset" 271
"../../../GunballPC/Content/FirstPerson/FPWeapon/Materials/MaterialLayers/T_ML_Rubber_Blue_01_N.uasset" 272
"../../../GunballPC/Content/FirstPerson/FPWeapon/Materials/MaterialLayers/ML_GlossyBlack_Latex_UE4.uasset" 273
"../../../GunballPC/Content/FirstPerson/FPWeapon/Materials/MaterialLayers/ML_Plastic_Shiny_Beige.uasset" 274
"../../../GunballPC/Content/FirstPerson/FPWeapon/Materials/MaterialLayers/ML_Screen.uasset" 275
"../../../GunballPC/Content/FirstPerson/FPWeapon/Materials/MaterialLayers/T_ML_Aluminum01.uasset" 276
"../../../GunballPC/Content/FirstPerson/FPWeapon/Materials/MaterialLayers/T_ML_Aluminum01_N.uasset" 277
"../../../GunballPC/Content/FirstPerson/FPWeapon/Materials/MaterialLayers/ML_SoftMetal_UE4.uasset" 278
"../../../GunballPC/Content/FirstPerson/FPWeapon/Textures/T_FPGun_M.uasset" 279
"../../../GunballPC/Content/FirstPerson/FPWeapon/Textures/T_FPGun_N.uasset" 280
"../../../GunballPC/Content/FirstPerson/FPWeapon/Materials/M_FPGun.uasset" 281
"../../../GunballPC/Content/FirstPerson/FPWeapon/Mesh/SK_FPGun_Skeleton.uasset" 282
"../../../GunballPC/Content/FirstPerson/FPWeapon/Mesh/SK_FPGun.uasset" 283
"../../../GunballPC/Content/Geometry/Meshes/CubeMaterial.uasset" 284
"../../../GunballPC/Content/Geometry/Meshes/1M_Cube.uasset" 285
"../../../GunballPC/Content/gunballArt/lambert1.uasset" 286
"../../../GunballPC/Content/gunballArt/prop_gunball_crown.uasset" 287
"../../../GunballPC/Content/Sounds/Computer_Error_Alert-SoundBible_com-783113881.uasset" 288
"../../../GunballPC/Content/Sounds/Swoosh_1-SoundBible_com-231145780.uasset" 289
"../../../GunballPC/Content/Sounds/Weapon_AssaultRifle/Mono/AssaultRifle_Shot02.uasset" 290
"../../../GunballPC/Content/Sounds/SoundClassesAndMixes/Characters.uasset" 291
"../../../GunballPC/Content/Sounds/SoundClassesAndMixes/UIControllerSounds.uasset" 292
"../../../GunballPC/Content/Sounds/SoundClassesAndMixes/UI.uasset" 293
"../../../GunballPC/Content/Sounds/SoundClassesAndMixes/Master.uasset" 294
"../../../GunballPC/Content/Sounds/SoundClassesAndMixes/SFX.uasset" 295
"../../../GunballPC/Content/Sounds/SoundClassesAndMixes/Ambient.uasset" 296
"../../../GunballPC/Content/Sounds/SoundClassesAndMixes/PSM_DuckEnvironment.uasset" 297
"../../../GunballPC/Content/Sounds/SoundClassesAndMixes/Weapons.uasset" 298
"../../../GunballPC/Content/Sounds/Weapon_AssaultRifle/Stereo/AssaultRifle_Reload_Stereo_Cue.uasset" 299
"../../../GunballPC/Content/Sounds/Weapon_AssaultRifle/Stereo/AssaultRifle_Shot01_Stereo.uasset" 300
"../../../GunballPC/Content/StarterContent/Particles/Materials/M_Radial_Gradient.uasset" 301
"../../../GunballPC/Content/StarterContent/Textures/T_Smoke_SubUV.uasset" 302
"../../../GunballPC/Content/StarterContent/Textures/T_Smoke_Tiled_D.uasset" 303
"../../../GunballPC/Content/StarterContent/Particles/Materials/M_smoke_subUV.uasset" 304
"../../../GunballPC/Content/StarterContent/Textures/T_Spark_Core.uasset" 305
"../../../GunballPC/Content/StarterContent/Particles/Materials/M_Spark.uasset" 306
"../../../GunballPC/Content/StarterContent/Particles/P_Sparks.uasset" 307
"../../../GunballPC/Content/Weapons/Crosshairs/T_Crosshair_Horizontal_M.uasset" 308
"../../../GunballPC/Content/Weapons/Crosshairs/T_Crosshair_Scanline_M.uasset" 309
"../../../GunballPC/Content/Weapons/Crosshairs/M_Crosshairs_MultiHolo_Scanline.uasset" 310
"../../../Engine/Content/Functions/Engine_MaterialFunctions01/Texturing/FlattenNormal.uasset" 311
"../../../Engine/Content/Functions/MaterialLayerFunctions/MatLayerBlend_BakedNormal.uasset" 312
"../../../Engine/Content/Functions/MaterialLayerFunctions/MatLayerBlend_Decal.uasset" 313
"../../../Engine/Content/Functions/MaterialLayerFunctions/MatLayerBlend_RoughnessOverride.uasset" 314
"../../../Engine/Content/Functions/MaterialLayerFunctions/MatLayerBlend_Standard.uasset" 315
"../../../Engine/Content/Functions/MaterialLayerFunctions/MatLayerBlend_TintAllChannels.uasset" 316
"../../../GunballPC/Content/Weapons/MaterialLayers/ML_BoltMetal.uasset" 317
"../../../GunballPC/Content/Characters/Textures/Chr_FPS_Metal_02.uasset" 318
"../../../GunballPC/Content/Weapons/MaterialLayers/T_ExampleLayers_Metal02_N.uasset" 319
"../../../GunballPC/Content/Weapons/MaterialLayers/ML_Metal_Copper.uasset" 320
"../../../GunballPC/Content/Weapons/MaterialLayers/T_Metal_Metal02_D.uasset" 321
"../../../GunballPC/Content/Weapons/MaterialLayers/ML_Metal_Gray.uasset" 322
"../../../GunballPC/Content/Weapons/MaterialLayers/T_PaintedMetal01_N.uasset" 323
"../../../GunballPC/Content/Weapons/MaterialLayers/T_PaintedMetal02.uasset" 324
"../../../GunballPC/Content/Weapons/MaterialLayers/ML_Paint.uasset" 325
"../../../GunballPC/Content/Weapons/MaterialLayers/T_Rubber.uasset" 326
"../../../GunballPC/Content/Weapons/MaterialLayers/ML_Rubber.uasset" 327
"../../../GunballPC/Content/Weapons/Textures/MagGun_01_N.uasset" 328
"../../../GunballPC/Content/Weapons/Textures/MagGun_Decals.uasset" 329
"../../../GunballPC/Content/Weapons/Textures/MagGunT1_section.uasset" 330
"../../../GunballPC/Content/Weapons/Textures/MagGunT1_shade.uasset" 331
"../../../GunballPC/Content/Weapons/Materials/MagGun_MatA.uasset" 332
"../../../GunballPC/Content/Weapons/Materials/MagGun_MatA_Inst3.uasset" 333
"../../../Engine/Content/Functions/MaterialLayerFunctions/MatLayerBlend_Emissive.uasset" 334
"../../../GunballPC/Content/Weapons/Textures/MagGun_02_N.uasset" 335
"../../../GunballPC/Content/Weapons/Textures/MagGun_Display_EM.uasset" 336
"../../../GunballPC/Content/Weapons/Textures/MagGunT2_section.uasset" 337
"../../../GunballPC/Content/Weapons/Textures/MagGunT2_shade.uasset" 338
"../../../GunballPC/Content/Weapons/Materials/MagGun_MatB.uasset" 339
"../../../GunballPC/Content/Weapons/Materials/MagGun_MatB_Inst2.uasset" 340
"../../../GunballPC/Content/Weapons/SK_Rifle_Skeleton.uasset" 341
"../../../GunballPC/Content/Weapons/SK_Rifle.uasset" 342
"../../../GunballPC/Content/FirstPersonBP/Blueprints/FirstPersonCharacter.uasset" 343
"../../../GunballPC/Content/FirstPersonBP/Blueprints/EnemyBlackboard.uasset" 344
"../../../GunballPC/Content/FirstPersonBP/Blueprints/AgroCheck.uasset" 345
"../../../GunballPC/Content/FirstPersonBP/Blueprints/CloseEnough.uasset" 346
"../../../GunballPC/Content/FirstPersonBP/Blueprints/GoalieNavBounds.uasset" 347
"../../../GunballPC/Content/FirstPersonBP/Blueprints/GoalieCheck.uasset" 348
"../../../GunballPC/Content/FirstPersonBP/Blueprints/MoveSlowTo.uasset" 349
"../../../GunballPC/Content/FirstPersonBP/Blueprints/RapidMoveTo.uasset" 350
"../../../GunballPC/Content/FirstPersonBP/Blueprints/EnemyBehaviorTree.uasset" 351
"../../../GunballPC/Content/GunballMapBP/Blueprints/EnemyAIController.uasset" 352
"../../../GunballPC/Content/FirstPersonBP/Blueprints/EnemyFirstPersonCharacter.uasset" 353
"../../../GunballPC/Content/FirstPersonBP/Blueprints/BTTask_BlueprintBase_New.uasset" 354
"../../../GunballPC/Content/FirstPersonBP/Blueprints/FatEnemy.uasset" 355
"../../../GunballPC/Content/FirstPersonBP/Blueprints/GoalieNavMeshBounds.uasset" 356
"../../../GunballPC/Content/FirstPersonBP/Blueprints/SlowMoveTo.uasset" 357
"../../../GunballPC/Content/FirstPersonBP/Blueprints/SpeedChangeProjectile.uasset" 358
"../../../GunballPC/Content/FirstPersonBP/Blueprints/Team2FirstPersonCharacter.uasset" 359
"../../../GunballPC/Content/Geometry/Meshes/1M_Cube_Chamfer.uasset" 360
"../../../GunballPC/Content/Geometry/Meshes/TemplateFloor.uasset" 361
"../../../Engine/Content/BasicShapes/Cylinder.uasset" 362
"../../../GunballPC/Content/GunballMapBP/Blueprints/CornerCylinder.uasset" 363
"../../../GunballPC/Content/GunballMapBP/Blueprints/GunballCrown.uasset" 364
"../../../GunballPC/Content/VirtualReality/Mannequin/Character/Mesh/MannequinHand_Right_Skeleton.uasset" 365
"../../../GunballPC/Content/VirtualReality/Mannequin/Animations/MannequinHand_Right_CanGrab.uasset" 366
"../../../GunballPC/Content/VirtualReality/Mannequin/Animations/MannequinHand_Right_Grab.uasset" 367
"../../../GunballPC/Content/VirtualReality/Mannequin/Animations/MannequinHand_Right_Open.uasset" 368
"../../../GunballPC/Content/VirtualReality/Mannequin/Animations/RightGrip_BS.uasset" 369
"../../../GunballPC/Content/GunballMapBP/Blueprints/GripEnum.uasset" 370
"../../../GunballPC/Content/VirtualReality/Mannequin/Animations/RightHand_AnimBP.uasset" 371
"../../../GunballPC/Content/RifleBullet.uasset" 372
"../../../GunballPC/Content/BaseGun.uasset" 373
"../../../Engine/Content/Functions/Engine_MaterialFunctions01/Texturing/ScaleUVsByCenter.uasset" 374
"../../../Engine/Content/Functions/Engine_MaterialFunctions02/ScreenResolution.uasset" 375
"../../../Engine/Content/Functions/Engine_MaterialFunctions02/Texturing/ScreenAlignedUVs.uasset" 376
"../../../Engine/Content/Functions/Engine_MaterialFunctions02/Utility/CameraDirectionVector.uasset" 377
"../../../Engine/Content/Functions/Engine_MaterialFunctions02/Utility/DepthFromWorldPosition.uasset" 378
"../../../GunballPC/Content/VirtualReality/Materials/MF_OccludedPixels.uasset" 379
"../../../GunballPC/Content/VirtualReality/Materials/TeleportMCP.uasset" 380
"../../../Engine/Content/EngineMaterials/Good64x64TilingNoiseHighFreq.uasset" 381
"../../../GunballPC/Content/VirtualReality/Materials/M_ArcEndpoint.uasset" 382
"../../../GunballPC/Content/VirtualReality/Materials/M_SplineArcMat.uasset" 383
"../../../GunballPC/Content/VirtualReality/Materials/M_TeleportPreviews.uasset" 384
"../../../GunballPC/Content/VirtualReality/Materials/MI_ChaperoneOutline.uasset" 385
"../../../GunballPC/Content/VirtualReality/Materials/MI_TeleportCylinderPreview.uasset" 386
"../../../GunballPC/Content/VirtualReality/Mannequin/Character/Textures/UE4_Mannequin__normals.uasset" 387
"../../../GunballPC/Content/VirtualReality/Mannequin/Character/Textures/UE4_Mannequin_MAT_MASKA.uasset" 388
"../../../GunballPC/Content/VirtualReality/Mannequin/Character/Materials/M_HandMat.uasset" 389
"../../../GunballPC/Content/VirtualReality/Mannequin/Character/Mesh/MannequinHand_Right_PhysicsAsset.uasset" 390
"../../../GunballPC/Content/VirtualReality/Mannequin/Character/Mesh/MannequinHand_Right.uasset" 391
"../../../GunballPC/Content/VirtualReality/Meshes/1x1_cube.uasset" 392
"../../../GunballPC/Content/VirtualReality/Meshes/BeaconDirection.uasset" 393
"../../../GunballPC/Content/VirtualReality/Meshes/BeamMesh.uasset" 394
"../../../GunballPC/Content/VirtualReality/Meshes/SM_FatCylinder.uasset" 395
"../../../GunballPC/Content/GunballMapBP/Blueprints/BP_MotionController.uasset" 396
"../../../GunballPC/Content/GunballMapBP/Blueprints/MotionControllerPawn.uasset" 397
"../../../GunballPC/Content/Multiplayer/blueCrosshair.uasset" 398
"../../../GunballPC/Content/Multiplayer/Blueprints/GameState.uasset" 399
"../../../GunballPC/Content/Multiplayer/Blueprints/GameStateMP.uasset" 400
"../../../GunballPC/Content/Multiplayer/Blueprints/PC_Map3.uasset" 401
"../../../GunballPC/Content/Multiplayer/Blueprints/TestGM.uasset" 402
"../../../GunballPC/Content/Multiplayer/Maps/TargetReticle.uasset" 403
"../../../GunballPC/Content/Multiplayer/Widget/playerNumberHUD.uasset" 404
"../../../GunballPC/Content/NewMaps/map6/lambert2.uasset" 405
"../../../GunballPC/Content/NewMaps/map6/lambert3.uasset" 406
"../../../GunballPC/Content/NewMaps/map6/gunball_floor_6.uasset" 407
"../../../GunballPC/Content/NewMaps/map7/lambert2.uasset" 408
"../../../GunballPC/Content/NewMaps/map7/lambert3.uasset" 409
"../../../GunballPC/Content/NewMaps/map7/gunball_floor_7.uasset" 410
"../../../GunballPC/Content/Sounds/InterfaceAudio/Stereo/MenuExit_Stereo.uasset" 411
"../../../GunballPC/Content/Sounds/Weapon_AssaultRifle/Mono/AssaultRifle_AmmoPickup_Cue.uasset" 412
"../../../GunballPC/Content/Sounds/Weapon_AssaultRifle/Mono/AssaultRifle_Cue.uasset" 413
"../../../GunballPC/Content/Sounds/Weapon_AssaultRifle/Mono/AssaultRifle_Empty_Cue.uasset" 414
"../../../GunballPC/Content/Sounds/Weapon_AssaultRifle/Mono/AssaultRifle_Equip_Cue.uasset" 415
"../../../GunballPC/Content/Sounds/Weapon_AssaultRifle/Mono/AssaultRifle_ImpactConcrete_Cue.uasset" 416
"../../../GunballPC/Content/Sounds/Weapon_AssaultRifle/Mono/AssaultRifle_Reload_Cue.uasset" 417
"../../../GunballPC/Content/Sounds/Weapon_AssaultRifle/Mono/AssaultRifle_ShotEnd_Cue.uasset" 418
"../../../GunballPC/Content/Sounds/Weapon_AssaultRifle/Mono/AssaultRifle_ShotLoop_Cue.uasset" 419
"../../../GunballPC/Content/Sounds/Weapon_AssaultRifle/Stereo/AssaultRifle_Equip_Stereo_Cue.uasset" 420
"../../../GunballPC/Content/StarterContent/Architecture/Pillar_50x500.uasset" 421
"../../../GunballPC/Content/StarterContent/Architecture/Wall_400x300.uasset" 422
"../../../GunballPC/Content/StarterContent/Architecture/Wall_400x400.uasset" 423
"../../../GunballPC/Content/StarterContent/Architecture/Wall_500x500.uasset" 424
"../../../GunballPC/Content/StarterContent/Architecture/Wall_Door_400x400.uasset" 425
"../../../GunballPC/Content/StarterContent/Architecture/Wall_Window_400x400.uasset" 426
"../../../GunballPC/Content/StarterContent/Audio/Light01_Cue.uasset" 427
"../../../GunballPC/Content/StarterContent/Audio/Light02_Cue.uasset" 428
"../../../GunballPC/Content/StarterContent/Audio/Explosion_Cue.uasset" 429
"../../../GunballPC/Content/StarterContent/Textures/T_Burst_M.uasset" 430
"../../../GunballPC/Content/StarterContent/Particles/Materials/M_Burst.uasset" 431
"../../../GunballPC/Content/StarterContent/Textures/T_Explosion_SubUV.uasset" 432
"../../../GunballPC/Content/StarterContent/Particles/Materials/M_explosion_subUV.uasset" 433
"../../../GunballPC/Content/StarterContent/Particles/Materials/m_flare_01.uasset" 434
"../../../GunballPC/Content/StarterContent/Particles/Materials/M_radial_ramp.uasset" 435
"../../../GunballPC/Content/StarterContent/Particles/P_Explosion.uasset" 436
"../../../GunballPC/Content/StarterContent/Blueprints/Blueprint_Effect_Explosion.uasset" 437
"../../../Engine/Content/EditorMeshes/ColorCalibrator/T_ColorGrid.uasset" 438
"../../../GunballPC/Content/StarterContent/Materials/M_ColorGrid_LowSpec.uasset" 439
"../../../GunballPC/Content/StarterContent/Textures/T_Bush_D.uasset" 440
"../../../GunballPC/Content/StarterContent/Textures/T_Bush_N.uasset" 441
"../../../GunballPC/Content/StarterContent/Props/Materials/M_Bush.uasset" 442
"../../../GunballPC/Content/StarterContent/Props/SM_Bush.uasset" 443
"../../../GunballPC/Content/StarterContent/Textures/T_Chair_M.uasset" 444
"../../../GunballPC/Content/StarterContent/Textures/T_Chair_N.uasset" 445
"../../../GunballPC/Content/StarterContent/Props/Materials/M_Chair.uasset" 446
"../../../GunballPC/Content/StarterContent/Props/SM_Couch.uasset" 447
"../../../GunballPC/Content/StarterContent/Materials/M_Glass.uasset" 448
"../../../GunballPC/Content/StarterContent/Textures/T_Door_M.uasset" 449
"../../../GunballPC/Content/StarterContent/Textures/T_Door_N.uasset" 450
"../../../GunballPC/Content/StarterContent/Props/Materials/M_Door.uasset" 451
"../../../GunballPC/Content/StarterContent/Props/SM_Door.uasset" 452
"../../../GunballPC/Content/StarterContent/Props/Materials/M_MaterialSphere.uasset" 453
"../../../GunballPC/Content/StarterContent/Props/Materials/M_MaterialSphere_Plain.uasset" 454
"../../../GunballPC/Content/StarterContent/Props/SM_MatPreviewMesh_02.uasset" 455
"../../../GunballPC/Content/StarterContent/Textures/T_Detail_Rocky_N.uasset" 456
"../../../GunballPC/Content/StarterContent/Textures/T_Rock_Basalt_D.uasset" 457
"../../../GunballPC/Content/StarterContent/Textures/T_RockMesh_M.uasset" 458
"../../../GunballPC/Content/StarterContent/Textures/T_RockMesh_N.uasset" 459
"../../../GunballPC/Content/StarterContent/Props/Materials/M_Rock.uasset" 460
"../../../GunballPC/Content/StarterContent/Props/SM_Rock.uasset" 461
"../../../GunballPC/Content/StarterContent/Textures/T_Shelf_M.uasset" 462
"../../../GunballPC/Content/StarterContent/Textures/T_Shelf_N.uasset" 463
"../../../GunballPC/Content/StarterContent/Props/Materials/M_Shelf.uasset" 464
"../../../GunballPC/Content/StarterContent/Props/SM_Shelf.uasset" 465
"../../../GunballPC/Content/StarterContent/Materials/M_Basic_Floor.uasset" 466
"../../../GunballPC/Content/StarterContent/Props/SM_Stairs.uasset" 467
"../../../GunballPC/Content/StarterContent/Shapes/Shape_Cone.uasset" 468
"../../../GunballPC/Content/StarterContent/Shapes/Shape_Cylinder.uasset" 469
"../../../GunballPC/Content/StarterContent/Shapes/Shape_NarrowCapsule.uasset" 470
"../../../GunballPC/Content/StarterContent/Shapes/Shape_Pipe_180.uasset" 471
"../../../GunballPC/Content/StarterContent/Shapes/Shape_Pipe_90.uasset" 472
"../../../GunballPC/Content/StarterContent/Shapes/Shape_Plane.uasset" 473
"../../../GunballPC/Content/StarterContent/Shapes/Shape_Trim.uasset" 474
"../../../GunballPC/Content/StarterContent/Shapes/Shape_Trim_90_In.uasset" 475
"../../../GunballPC/Content/StarterContent/Shapes/Shape_Trim_90_Out.uasset" 476
"../../../GunballPC/Content/StarterContent/Shapes/Shape_TriPyramid.uasset" 477
"../../../GunballPC/Content/StarterContent/Shapes/Shape_Tube.uasset" 478
"../../../GunballPC/Content/StarterContent/Shapes/Shape_Wedge_A.uasset" 479
"../../../GunballPC/Content/StarterContent/Shapes/Shape_Wedge_B.uasset" 480
"../../../GunballPC/Content/StarterContent/Shapes/Shape_WideCapsule.uasset" 481
"../../../GunballPC/Content/VirtualReality/Materials/M_BaseMaterial.uasset" 482
"../../../GunballPC/Content/VirtualReality/Materials/MI_SmallCubes.uasset" 483
"../../../GunballPC/Content/VirtualRealityBP/Blueprints/PickupActorInterface.uasset" 484
"../../../GunballPC/Content/VirtualRealityBP/Maps/MotionControllerMap_BuiltData.uasset" 485
"../../../GunballPC/Content/Environment/Textures/holo_layer_1_5.uasset" 486
"../../../GunballPC/Content/Weapons/Textures/SightLens_maskA.uasset" 487
"../../../GunballPC/Content/Weapons/Textures/SightLens_maskB.uasset" 488
"../../../GunballPC/Content/Weapons/Materials/MagGun_SightLens_Mat.uasset" 489
"../../../GunballPC/Content/Weapons/Materials/MagGun_SightLens_Mat_Inst.uasset" 490
"../../../GunballPC/Content/Weapons/Rifle_Skeleton.uasset" 491
"../../../GunballPC/Content/Weapons/Rifle.uasset" 492
"../../../GunballPC/Content/Weapons/Textures/Chr_FPS_Metal_02.uasset" 493
"../../../Engine/Plugins/2D/Paper2D/Content/DummySprite.uasset" 494
"../../../Engine/Plugins/2D/Paper2D/Content/DefaultPaperTerrainMaterial.uasset" 495
"../../../Engine/Plugins/2D/Paper2D/Content/DefaultSpriteMaterial.uasset" 496
"../../../Engine/Plugins/2D/Paper2D/Content/MaskedUnlitSpriteMaterial.uasset" 497
"../../../Engine/Plugins/2D/Paper2D/Content/OpaqueUnlitSpriteMaterial.uasset" 498
"../../../Engine/Plugins/2D/Paper2D/Content/PlaceholderTextures/DummySpriteTexture.uasset" 499
"../../../Engine/Content/EngineSky/C_Sky_Cloud_Color.uasset" 500
"../../../Engine/Content/EngineSky/C_Sky_Horizon_Color.uasset" 501
"../../../Engine/Content/EngineSky/C_Sky_Zenith_Color.uasset" 502
"../../../Engine/Content/EngineSky/T_Sky_Blue.uasset" 503
"../../../Engine/Content/EngineSky/T_Sky_Clouds_M.uasset" 504
"../../../Engine/Content/EngineSky/T_Sky_Stars.uasset" 505
"../../../Engine/Content/EngineSky/M_Sky_Panning_Clouds2.uasset" 506
"../../../Engine/Content/EngineSky/SM_SkySphere.uasset" 507
"../../../Engine/Content/EngineSky/BP_Sky_Sphere.uasset" 508
"../../../GunballPC/Content/GunballMapBP/Maps/MotionControllerMap_BuiltData.uasset" 509
"../../../GunballPC/Content/Environment/Textures/T_Vista_Grass_D.uasset" 510
"../../../GunballPC/Content/Environment/Textures/T_Vista_Grass_N.uasset" 511
"../../../GunballPC/Content/Environment/Materials/M_Grass2.uasset" 512
"../../../GunballPC/Content/Environment/Textures/glass_2_mask.uasset" 513
"../../../GunballPC/Content/Environment/Textures/glass_2_nm.uasset" 514
"../../../GunballPC/Content/Environment/Textures/T_Fps_Vista_Ref_Temp.uasset" 515
"../../../GunballPC/Content/Environment/Materials/Windows_glass_2_trans.uasset" 516
"../../../GunballPC/Content/StarterContent/Textures/T_Rock_Sandstone_D.uasset" 517
"../../../GunballPC/Content/StarterContent/Textures/T_Rock_Sandstone_N.uasset" 518
"../../../GunballPC/Content/StarterContent/Materials/M_Rock_Sandstone.uasset" 519
"../../../GunballPC/Content/Environment/Materials/Metal_tiled_Brighter.uasset" 520
"../../../GunballPC/Content/GunballMapBP/Maps/MotionControllerMap.umap" 521
"../../../GunballPC/Content/FirstPersonBP/Blueprints/FirstPersonGameMode.uasset" 522
"../../../GunballPC/Content/FirstPersonBP/Maps/FirstPersonExampleMap_BuiltData.uasset" 523
"../../../Engine/Content/Functions/Engine_MaterialFunctions03/Procedurals/ComputeFilterWidth.uasset" 524
"../../../Engine/Content/EngineMaterials/AntiAliasedTextMaterialTranslucent.uasset" 525
"../../../GunballPC/Content/FirstPerson/Meshes/CubeMaterialOverride.uasset" 526
"../../../GunballPC/Content/FirstPersonBP/Maps/FirstPersonExampleMap.umap" 527
"../../../GunballPC/Content/GunballMapBP/Maps/2V2LargerMap_BuiltData.uasset" 528
"../../../GunballPC/Content/GunballMapBP/Maps/2V2LargerMap.umap" 529
"../../../GunballPC/Content/GunballMapBP/Maps/GunballMap2_BuiltData.uasset" 530
"../../../GunballPC/Content/StarterContent/Textures/T_Ground_Grass_D.uasset" 531
"../../../GunballPC/Content/StarterContent/Textures/T_Ground_Grass_N.uasset" 532
"../../../GunballPC/Content/StarterContent/Materials/M_Ground_Grass.uasset" 533
"../../../GunballPC/Content/NewMaps/lambert2.uasset" 534
"../../../GunballPC/Content/NewMaps/lambert3.uasset" 535
"../../../GunballPC/Content/NewMaps/gunball_floor_5.uasset" 536
"../../../GunballPC/Content/GunballMapBP/Maps/GunballMap2.umap" 537
"../../../GunballPC/Content/GunballMapBP/Maps/GunballMap3_BuiltData.uasset" 538
"../../../GunballPC/Content/NewMaps/gunball_ground_1__1_.uasset" 539
"../../../GunballPC/Content/GunballMapBP/Maps/GunballMap3.umap" 540
"../../../Engine/Content/Maps/Entry.umap" 541
"../../../GunballPC/Content/Multiplayer/Maps/MP_MainMenu.umap" 542
"../../../GunballPC/Content/StarterContent/Blueprints/Assets/FogBrightnessLUT.uasset" 543
"../../../GunballPC/Content/StarterContent/Blueprints/Assets/SunlightColorLUT.uasset" 544
"../../../GunballPC/Content/StarterContent/Blueprints/Assets/M_LightStage_Arrows.uasset" 545
"../../../Engine/Content/MapTemplates/Sky/DaylightAmbientCubemap.uasset" 546
"../../../GunballPC/Content/StarterContent/Blueprints/Assets/M_LightStage_Skybox_Master.uasset" 547
"../../../GunballPC/Content/StarterContent/Blueprints/Assets/M_LightStage_Skybox_Black.uasset" 548
"../../../GunballPC/Content/StarterContent/Blueprints/Assets/M_LightStage_Skybox_HDRI.uasset" 549
"../../../Engine/Content/EditorMaterials/Thumbnails/SkySphereMaterial.uasset" 550
"../../../GunballPC/Content/StarterContent/Blueprints/Assets/Skybox.uasset" 551
"../../../GunballPC/Content/StarterContent/Blueprints/Assets/SM_Arrows.uasset" 552
"../../../GunballPC/Content/StarterContent/HDRI/HDRI_Epic_Courtyard_Daylight.uasset" 553
"../../../GunballPC/Content/StarterContent/Blueprints/BP_LightStudio.uasset" 554
"../../../GunballPC/Content/StarterContent/Materials/M_AssetPlatform.uasset" 555
"../../../Engine/Content/EditorMeshes/ColorCalibrator/M_ChromeBall.uasset" 556
"../../../Engine/Content/EditorMeshes/ColorCalibrator/M_ClearCoat.uasset" 557
"../../../Engine/Content/EditorMeshes/ColorCalibrator/M_ClearCoatBlack.uasset" 558
"../../../Engine/Content/EditorMeshes/ColorCalibrator/M_ColorGrid.uasset" 559
"../../../Engine/Content/EditorMeshes/ColorCalibrator/M_GreyBall.uasset" 560
"../../../Engine/Content/EditorMeshes/ColorCalibrator/SM_ColorCalibrator.uasset" 561
"../../../GunballPC/Content/StarterContent/Architecture/SM_AssetPlatform.uasset" 562
"../../../GunballPC/Content/StarterContent/Maps/Advanced_Lighting.umap" 563
"../../../GunballPC/Content/StarterContent/Materials/M_Metal_Brushed_Nickel.uasset" 564
"../../../GunballPC/Content/StarterContent/Textures/T_Metal_Copper_D.uasset" 565
"../../../GunballPC/Content/StarterContent/Materials/M_Metal_Copper.uasset" 566
"../../../GunballPC/Content/StarterContent/Architecture/Floor_400x400.uasset" 567
"../../../GunballPC/Content/StarterContent/Audio/Starter_Background_Cue.uasset" 568
"../../../GunballPC/Content/StarterContent/Props/SM_Chair.uasset" 569
"../../../GunballPC/Content/StarterContent/Props/Materials/M_Statue.uasset" 570
"../../../GunballPC/Content/StarterContent/Props/SM_Statue.uasset" 571
"../../../GunballPC/Content/StarterContent/Textures/T_TableRound_M.uasset" 572
"../../../GunballPC/Content/StarterContent/Textures/T_TableRound_N.uasset" 573
"../../../GunballPC/Content/StarterContent/Props/Materials/M_TableRound.uasset" 574
"../../../GunballPC/Content/StarterContent/Props/SM_TableRound.uasset" 575
"../../../GunballPC/Content/StarterContent/Maps/Minimal_Default.umap" 576
"../../../GunballPC/Content/StarterContent/Audio/Fire01_Cue.uasset" 577
"../../../GunballPC/Content/StarterContent/Textures/T_Fire_SubUV.uasset" 578
"../../../GunballPC/Content/StarterContent/Textures/T_Fire_Tiled_D.uasset" 579
"../../../GunballPC/Content/StarterContent/Particles/Materials/M_Fire_SubUV.uasset" 580
"../../../GunballPC/Content/StarterContent/Particles/Materials/M_Heat_Distortion.uasset" 581
"../../../GunballPC/Content/StarterContent/Particles/P_Fire.uasset" 582
"../../../GunballPC/Content/StarterContent/Blueprints/Blueprint_Effect_Fire.uasset" 583
"../../../GunballPC/Content/StarterContent/Audio/Smoke01_Cue.uasset" 584
"../../../GunballPC/Content/StarterContent/Particles/P_Smoke.uasset" 585
"../../../GunballPC/Content/StarterContent/Blueprints/Blueprint_Effect_Smoke.uasset" 586
"../../../GunballPC/Content/StarterContent/Audio/Fire_Sparks01_Cue.uasset" 587
"../../../GunballPC/Content/StarterContent/Blueprints/Blueprint_Effect_Sparks.uasset" 588
"../../../GunballPC/Content/StarterContent/Audio/Steam01_Cue.uasset" 589
"../../../GunballPC/Content/StarterContent/Particles/P_Steam_Lit.uasset" 590
"../../../GunballPC/Content/StarterContent/Blueprints/Blueprint_Effect_Steam.uasset" 591
"../../../GunballPC/Content/StarterContent/Textures/T_Lamp_M.uasset" 592
"../../../GunballPC/Content/StarterContent/Textures/T_Lamp_N.uasset" 593
"../../../GunballPC/Content/StarterContent/Props/Materials/M_Lamp.uasset" 594
"../../../GunballPC/Content/StarterContent/Props/SM_Lamp_Ceiling.uasset" 595
"../../../GunballPC/Content/StarterContent/Blueprints/Blueprint_CeilingLight.uasset" 596
"../../../GunballPC/Content/StarterContent/Props/SM_Lamp_Wall.uasset" 597
"../../../GunballPC/Content/StarterContent/Blueprints/Blueprint_WallSconce.uasset" 598
"../../../GunballPC/Content/StarterContent/Textures/T_Brick_Clay_Beveled_D.uasset" 599
"../../../GunballPC/Content/StarterContent/Textures/T_Brick_Clay_Beveled_M.uasset" 600
"../../../GunballPC/Content/StarterContent/Textures/T_Brick_Clay_Beveled_N.uasset" 601
"../../../GunballPC/Content/StarterContent/Materials/M_Brick_Clay_Beveled.uasset" 602
"../../../GunballPC/Content/StarterContent/Textures/T_Brick_Clay_New_D.uasset" 603
"../../../GunballPC/Content/StarterContent/Textures/T_Brick_Clay_New_M.uasset" 604
"../../../GunballPC/Content/StarterContent/Textures/T_Brick_Clay_New_N.uasset" 605
"../../../GunballPC/Content/StarterContent/Materials/M_Brick_Clay_New.uasset" 606
"../../../GunballPC/Content/StarterContent/Textures/T_Brick_Clay_Old_D.uasset" 607
"../../../GunballPC/Content/StarterContent/Textures/T_Brick_Clay_Old_N.uasset" 608
"../../../GunballPC/Content/StarterContent/Materials/M_Brick_Clay_Old.uasset" 609
"../../../GunballPC/Content/StarterContent/Textures/T_Brick_Cut_Stone_D.uasset" 610
"../../../GunballPC/Content/StarterContent/Textures/T_Brick_Cut_Stone_N.uasset" 611
"../../../GunballPC/Content/StarterContent/Materials/M_Brick_Cut_Stone.uasset" 612
"../../../GunballPC/Content/StarterContent/Textures/T_Brick_Hewn_Stone_D.uasset" 613
"../../../GunballPC/Content/StarterContent/Textures/T_Brick_Hewn_Stone_M.uasset" 614
"../../../GunballPC/Content/StarterContent/Textures/T_Brick_Hewn_Stone_N.uasset" 615
"../../../GunballPC/Content/StarterContent/Materials/M_Brick_Hewn_Stone.uasset" 616
"../../../GunballPC/Content/StarterContent/Textures/T_Ceramic_Tile_M.uasset" 617
"../../../GunballPC/Content/StarterContent/Textures/T_Ceramic_Tile_N.uasset" 618
"../../../GunballPC/Content/StarterContent/Textures/T_Rock_Marble_Polished_D.uasset" 619
"../../../GunballPC/Content/StarterContent/Materials/M_Ceramic_Tile_Checker.uasset" 620
"../../../GunballPC/Content/StarterContent/Textures/T_CobbleStone_Pebble_D.uasset" 621
"../../../GunballPC/Content/StarterContent/Textures/T_CobbleStone_Pebble_M.uasset" 622
"../../../GunballPC/Content/StarterContent/Textures/T_CobbleStone_Pebble_N.uasset" 623
"../../../GunballPC/Content/StarterContent/Materials/M_CobbleStone_Pebble.uasset" 624
"../../../GunballPC/Content/StarterContent/Textures/T_CobbleStone_Rough_D.uasset" 625
"../../../GunballPC/Content/StarterContent/Textures/T_CobbleStone_Rough_N.uasset" 626
"../../../GunballPC/Content/StarterContent/Materials/M_CobbleStone_Rough.uasset" 627
"../../../GunballPC/Content/StarterContent/Textures/T_Concrete_Grime_D.uasset" 628
"../../../GunballPC/Content/StarterContent/Textures/T_Metal_Rust_N.uasset" 629
"../../../GunballPC/Content/StarterContent/Materials/M_Concrete_Grime.uasset" 630
"../../../GunballPC/Content/StarterContent/Textures/T_Concrete_Panels_D.uasset" 631
"../../../GunballPC/Content/StarterContent/Textures/T_Concrete_Panels_N.uasset" 632
"../../../GunballPC/Content/StarterContent/Materials/M_Concrete_Panels.uasset" 633
"../../../GunballPC/Content/StarterContent/Textures/T_Concrete_Poured_D.uasset" 634
"../../../GunballPC/Content/StarterContent/Textures/T_Concrete_Poured_N.uasset" 635
"../../../GunballPC/Content/StarterContent/Materials/M_Concrete_Poured.uasset" 636
"../../../GunballPC/Content/StarterContent/Textures/T_Concrete_Tiles_D.uasset" 637
"../../../GunballPC/Content/StarterContent/Textures/T_Concrete_Tiles_M.uasset" 638
"../../../GunballPC/Content/StarterContent/Textures/T_Concrete_Tiles_N.uasset" 639
"../../../GunballPC/Content/StarterContent/Textures/T_Concrete_Tiles_Variation_M.uasset" 640
"../../../GunballPC/Content/StarterContent/Materials/M_Concrete_Tiles.uasset" 641
"../../../GunballPC/Content/StarterContent/Textures/T_Ground_Gravel_D.uasset" 642
"../../../GunballPC/Content/StarterContent/Textures/T_Ground_Gravel_N.uasset" 643
"../../../GunballPC/Content/StarterContent/Materials/M_Ground_Gravel.uasset" 644
"../../../GunballPC/Content/StarterContent/Textures/T_ground_Moss_D.uasset" 645
"../../../GunballPC/Content/StarterContent/Textures/T_Ground_Moss_N.uasset" 646
"../../../GunballPC/Content/StarterContent/Materials/M_Ground_Moss.uasset" 647
"../../../GunballPC/Content/StarterContent/Materials/M_Metal_Chrome.uasset" 648
"../../../GunballPC/Content/StarterContent/Textures/T_Metal_Gold_D.uasset" 649
"../../../GunballPC/Content/StarterContent/Materials/M_Metal_Gold.uasset" 650
"../../../GunballPC/Content/StarterContent/Textures/T_Metal_Rust_D.uasset" 651
"../../../GunballPC/Content/StarterContent/Materials/M_Metal_Rust.uasset" 652
"../../../GunballPC/Content/StarterContent/Textures/T_Metal_Steel_D.uasset" 653
"../../../GunballPC/Content/StarterContent/Textures/T_Metal_Steel_N.uasset" 654
"../../../GunballPC/Content/StarterContent/Materials/M_Metal_Steel.uasset" 655
"../../../GunballPC/Content/StarterContent/Textures/T_Rock_Basalt_N.uasset" 656
"../../../GunballPC/Content/StarterContent/Materials/M_Rock_Basalt.uasset" 657
"../../../GunballPC/Content/StarterContent/Materials/M_Rock_Marble_Polished.uasset" 658
"../../../GunballPC/Content/StarterContent/Textures/T_Checker_Noise_M.uasset" 659
"../../../GunballPC/Content/StarterContent/Textures/T_Single_Tile_N.uasset" 660
"../../../GunballPC/Content/StarterContent/Textures/T_Tech_Dot_M.uasset" 661
"../../../GunballPC/Content/StarterContent/Textures/T_Tech_Dot_N.uasset" 662
"../../../GunballPC/Content/StarterContent/Materials/M_Tech_Checker_Dot.uasset" 663
"../../../GunballPC/Content/StarterContent/Textures/T_Tech_Hex_Tile_M.uasset" 664
"../../../GunballPC/Content/StarterContent/Textures/T_Tech_Hex_Tile_N.uasset" 665
"../../../GunballPC/Content/StarterContent/Materials/M_Tech_Hex_Tile.uasset" 666
"../../../GunballPC/Content/StarterContent/Materials/M_Tech_Hex_Tile_Pulse.uasset" 667
"../../../GunballPC/Content/StarterContent/Textures/T_Tech_Panel_M.uasset" 668
"../../../GunballPC/Content/StarterContent/Textures/T_Tech_Panel_N.uasset" 669
"../../../GunballPC/Content/StarterContent/Materials/M_Tech_Panel.uasset" 670
"../../../GunballPC/Content/StarterContent/Textures/T_Water_M.uasset" 671
"../../../GunballPC/Content/StarterContent/Materials/M_Water_Ocean.uasset" 672
"../../../GunballPC/Content/StarterContent/Textures/T_Wood_Floor_Walnut_D.uasset" 673
"../../../GunballPC/Content/StarterContent/Textures/T_Wood_Floor_Walnut_M.uasset" 674
"../../../GunballPC/Content/StarterContent/Textures/T_Wood_Floor_Walnut_N.uasset" 675
"../../../GunballPC/Content/StarterContent/Materials/M_Wood_Floor_Walnut_Polished.uasset" 676
"../../../Engine/Content/Functions/Engine_MaterialFunctions01/Opacity/AlphaOffset.uasset" 677
"../../../GunballPC/Content/StarterContent/Materials/M_Wood_Floor_Walnut_Worn.uasset" 678
"../../../GunballPC/Content/StarterContent/Textures/T_Wood_Oak_D.uasset" 679
"../../../GunballPC/Content/StarterContent/Textures/T_Wood_Oak_N.uasset" 680
"../../../GunballPC/Content/StarterContent/Materials/M_Wood_Oak.uasset" 681
"../../../GunballPC/Content/StarterContent/Textures/T_Wood_Pine_D.uasset" 682
"../../../GunballPC/Content/StarterContent/Textures/T_Wood_Pine_N.uasset" 683
"../../../GunballPC/Content/StarterContent/Materials/M_Wood_Pine.uasset" 684
"../../../GunballPC/Content/StarterContent/Textures/T_Wood_Walnut_D.uasset" 685
"../../../GunballPC/Content/StarterContent/Textures/T_Wood_Walnut_N.uasset" 686
"../../../GunballPC/Content/StarterContent/Materials/M_Wood_Walnut.uasset" 687
"../../../GunballPC/Content/StarterContent/Architecture/Wall_400x200.uasset" 688
"../../../GunballPC/Content/StarterContent/Architecture/Wall_Door_400x300.uasset" 689
"../../../GunballPC/Content/StarterContent/Architecture/Wall_Window_400x300.uasset" 690
"../../../GunballPC/Content/StarterContent/Audio/Collapse_Cue.uasset" 691
"../../../GunballPC/Content/StarterContent/Audio/Starter_Music_Cue.uasset" 692
"../../../GunballPC/Content/StarterContent/Textures/T_Dust_Particle_D.uasset" 693
"../../../GunballPC/Content/StarterContent/Particles/Materials/M_Dust_Particle.uasset" 694
"../../../GunballPC/Content/StarterContent/Particles/P_Ambient_Dust.uasset" 695
"../../../GunballPC/Content/StarterContent/Textures/T_Frame_M.uasset" 696
"../../../GunballPC/Content/StarterContent/Textures/T_Frame_N.uasset" 697
"../../../GunballPC/Content/StarterContent/Props/Materials/M_Frame.uasset" 698
"../../../GunballPC/Content/StarterContent/Props/SM_CornerFrame.uasset" 699
"../../../GunballPC/Content/StarterContent/Props/SM_DoorFrame.uasset" 700
"../../../GunballPC/Content/StarterContent/Props/SM_GlassWindow.uasset" 701
"../../../GunballPC/Content/StarterContent/Props/SM_PillarFrame.uasset" 702
"../../../GunballPC/Content/StarterContent/Props/SM_PillarFrame300.uasset" 703
"../../../GunballPC/Content/StarterContent/Props/SM_WindowFrame.uasset" 704
"../../../GunballPC/Content/StarterContent/Shapes/Shape_Cube.uasset" 705
"../../../GunballPC/Content/StarterContent/Shapes/Shape_QuadPyramid.uasset" 706
"../../../GunballPC/Content/StarterContent/Shapes/Shape_Sphere.uasset" 707
"../../../GunballPC/Content/StarterContent/Maps/StarterMap.umap" 708
